{
  "stats": {
    "suites": 1,
    "tests": 7,
    "passes": 6,
    "pending": 0,
    "failures": 1,
    "start": "2019-12-26T01:22:14.889Z",
    "end": "2019-12-26T01:22:30.999Z",
    "duration": 16110,
    "testsRegistered": 7,
    "passPercent": 85.71428571428571,
    "pendingPercent": 0,
    "other": 0,
    "hasOther": false,
    "skipped": 0,
    "hasSkipped": false
  },
  "results": [
    {
      "uuid": "1b7b86b2-01d1-4081-a7bd-c105e1d38e9f",
      "title": "",
      "fullFile": "",
      "file": "",
      "beforeHooks": [],
      "afterHooks": [],
      "tests": [],
      "suites": [
        {
          "uuid": "894a4df8-8772-4815-b2d5-fa3f40681583",
          "title": "Caffe Demos Main page",
          "fullFile": "",
          "file": "",
          "beforeHooks": [],
          "afterHooks": [],
          "tests": [
            {
              "title": "should have header equals to \"Caffe Demos\"",
              "fullTitle": "Caffe Demos Main page should have header equals to \"Caffe Demos\"",
              "timedOut": null,
              "duration": 1254,
              "state": "passed",
              "speed": "slow",
              "pass": true,
              "fail": false,
              "pending": false,
              "context": null,
              "code": "cy.get('h1 > a').should('have.text', \"Caffe Demos\");",
              "err": {},
              "uuid": "e03ab04e-6e9a-493c-afb4-3a61bc9ebb94",
              "parentUUID": "894a4df8-8772-4815-b2d5-fa3f40681583",
              "isHook": false,
              "skipped": false
            },
            {
              "title": "should have page description text",
              "fullTitle": "Caffe Demos Main page should have page description text",
              "timedOut": null,
              "duration": 380,
              "state": "passed",
              "speed": "slow",
              "pass": true,
              "fail": false,
              "pending": false,
              "context": null,
              "code": "cy.get('.page-header > p').contains(\"The Caffe neural network library makes implementing state-of-the-art computer vision systems easy.\");",
              "err": {},
              "uuid": "5397c319-fd61-45de-a5f2-ba753539bae4",
              "parentUUID": "894a4df8-8772-4815-b2d5-fa3f40681583",
              "isHook": false,
              "skipped": false
            },
            {
              "title": "should navigate to \"Deep learning framework page\" ",
              "fullTitle": "Caffe Demos Main page should navigate to \"Deep learning framework page\" ",
              "timedOut": null,
              "duration": 2648,
              "state": "passed",
              "speed": "slow",
              "pass": true,
              "fail": false,
              "pending": false,
              "context": null,
              "code": "cy.get('.page-header > p').contains('Caffe').click(); // cy.url().contains('http://caffe.berkeleyvision.org');\ncy.location().should(function (loc) {\n  expect(loc.origin).to.eq('http://caffe.berkeleyvision.org');\n});",
              "err": {},
              "uuid": "ba8ced65-60b0-463b-b7ae-40bc4d29e766",
              "parentUUID": "894a4df8-8772-4815-b2d5-fa3f40681583",
              "isHook": false,
              "skipped": false
            },
            {
              "title": "should open quick example",
              "fullTitle": "Caffe Demos Main page should open quick example",
              "timedOut": null,
              "duration": 2839,
              "state": "passed",
              "speed": "slow",
              "pass": true,
              "fail": false,
              "pending": false,
              "context": null,
              "code": "cy.contains('Click for a Quick Example').click();\ncy.get('div[class=\"media\"]').should('be.visible');\ncy.get('body > div.container > p').invoke('text').then(function (text) {\n  expect(text).to.match(/\\d+.\\d{3}/);\n});",
              "err": {},
              "uuid": "66118785-935a-49cb-86b7-3a1f0483307d",
              "parentUUID": "894a4df8-8772-4815-b2d5-fa3f40681583",
              "isHook": false,
              "skipped": false
            },
            {
              "title": "should have identify a \"cat\"",
              "fullTitle": "Caffe Demos Main page should have identify a \"cat\"",
              "timedOut": null,
              "duration": 1218,
              "state": "passed",
              "speed": "slow",
              "pass": true,
              "fail": false,
              "pending": false,
              "context": null,
              "code": "cy.contains('Click for a Quick Example').click();\ncy.get('#myTab').contains('Maximally accurate').click();\ncy.get('#infopred h4').invoke('text').then(function (text) {\n  expect(text).to.contains(\"cat\");\n});\ncy.get('#myTab').contains('Maximally specific').click();\ncy.get('#flatpred h4').invoke('text').then(function (text) {\n  expect(text).to.contains(\"cat\");\n});",
              "err": {},
              "uuid": "8a21d025-b23c-48b3-8870-89129a82dad4",
              "parentUUID": "894a4df8-8772-4815-b2d5-fa3f40681583",
              "isHook": false,
              "skipped": false
            },
            {
              "title": "should warning message for incorrecy URL",
              "fullTitle": "Caffe Demos Main page should warning message for incorrecy URL",
              "timedOut": null,
              "duration": 662,
              "state": "passed",
              "speed": "slow",
              "pass": true,
              "fail": false,
              "pending": false,
              "context": null,
              "code": "cy.get('#classifyurl').click();\ncy.get('div.alert.alert-danger').should('be.visible');\ncy.get('div.alert.alert-danger').should('contain', \"Cannot open image from URL. Did you provide a valid URL or a valid image file? \");",
              "err": {},
              "uuid": "3456e9e3-6760-42ac-a9d1-75ab54511278",
              "parentUUID": "894a4df8-8772-4815-b2d5-fa3f40681583",
              "isHook": false,
              "skipped": false
            },
            {
              "title": "should have identify an \"apple\"",
              "fullTitle": "Caffe Demos Main page should have identify an \"apple\"",
              "timedOut": null,
              "duration": 4046,
              "state": "failed",
              "speed": null,
              "pass": false,
              "fail": true,
              "pending": false,
              "context": null,
              "code": "cy.get('#imageurl').type(\"https://vignette.wikia.nocookie.net/thefruitswiki/images/2/2b/Apple.jpg/revision/latest?cb=20190803231236\");\ncy.get('#classifyurl').click();\ncy.get('#myTab').contains('Maximally accurate').click();\ncy.get('#infopred h4').invoke('text').then(function (text) {\n  expect(text).to.contains(\"apple\");\n});\ncy.get('#myTab').contains('Maximally specific').click();\ncy.get('#flatpred h4').invoke('text').then(function (text) {\n  expect(text).to.contains(\"apple\");\n});",
              "err": {
                "message": "AssertionError: expected '\\n                    pomegranate\\n                  \\n                    edible fruit\\n                  \\n                    fruit\\n                  \\n                    reproductive structure\\n                  \\n                    plant organ\\n                  ' to include 'apple'",
                "estack": "AssertionError: expected '\\n                    pomegranate\\n                  \\n                    edible fruit\\n                  \\n                    fruit\\n                  \\n                    reproductive structure\\n                  \\n                    plant organ\\n                  ' to include 'apple'\n    at getRet (http://demo.caffe.berkeleyvision.org/__cypress/runner/cypress_runner.js:89229:16)\n    at tryCatcher (http://demo.caffe.berkeleyvision.org/__cypress/runner/cypress_runner.js:140400:23)\n    at Function.Promise.attempt.Promise.try (http://demo.caffe.berkeleyvision.org/__cypress/runner/cypress_runner.js:137675:29)\n    at Context.thenFn (http://demo.caffe.berkeleyvision.org/__cypress/runner/cypress_runner.js:89243:23)\n    at Context.then (http://demo.caffe.berkeleyvision.org/__cypress/runner/cypress_runner.js:89610:21)\n    at Context.<anonymous> (http://demo.caffe.berkeleyvision.org/__cypress/runner/cypress_runner.js:101348:21)\n    at http://demo.caffe.berkeleyvision.org/__cypress/runner/cypress_runner.js:100826:33\n    at tryCatcher (http://demo.caffe.berkeleyvision.org/__cypress/runner/cypress_runner.js:140400:23)\n    at Promise._settlePromiseFromHandler (http://demo.caffe.berkeleyvision.org/__cypress/runner/cypress_runner.js:138336:31)\n    at Promise._settlePromise (http://demo.caffe.berkeleyvision.org/__cypress/runner/cypress_runner.js:138393:18)\n    at Promise._settlePromiseCtx (http://demo.caffe.berkeleyvision.org/__cypress/runner/cypress_runner.js:138430:10)\n    at Async../node_modules/bluebird/js/release/async.js.Async._drainQueue (http://demo.caffe.berkeleyvision.org/__cypress/runner/cypress_runner.js:135130:12)\n    at Async../node_modules/bluebird/js/release/async.js.Async._drainQueues (http://demo.caffe.berkeleyvision.org/__cypress/runner/cypress_runner.js:135135:10)\n    at Async.drainQueues (http://demo.caffe.berkeleyvision.org/__cypress/runner/cypress_runner.js:135009:14)",
                "diff": null
              },
              "uuid": "ef93d21b-7216-4178-8eae-26bdbee953d8",
              "parentUUID": "894a4df8-8772-4815-b2d5-fa3f40681583",
              "isHook": false,
              "skipped": false
            }
          ],
          "suites": [],
          "passes": [
            "e03ab04e-6e9a-493c-afb4-3a61bc9ebb94",
            "5397c319-fd61-45de-a5f2-ba753539bae4",
            "ba8ced65-60b0-463b-b7ae-40bc4d29e766",
            "66118785-935a-49cb-86b7-3a1f0483307d",
            "8a21d025-b23c-48b3-8870-89129a82dad4",
            "3456e9e3-6760-42ac-a9d1-75ab54511278"
          ],
          "failures": [
            "ef93d21b-7216-4178-8eae-26bdbee953d8"
          ],
          "pending": [],
          "skipped": [],
          "duration": 13047,
          "root": false,
          "rootEmpty": false,
          "_timeout": 2000
        }
      ],
      "passes": [],
      "failures": [],
      "pending": [],
      "skipped": [],
      "duration": 0,
      "root": true,
      "rootEmpty": true,
      "_timeout": 2000
    }
  ],
  "meta": {
    "mocha": {
      "version": "5.2.0"
    },
    "mochawesome": {
      "options": {
        "quiet": false,
        "reportFilename": "mochawesome",
        "saveHtml": false,
        "saveJson": true,
        "consoleReporter": "spec",
        "useInlineDiffs": false
      },
      "version": "4.1.0"
    },
    "marge": {
      "options": {
        "reportDir": "cypress/reports/separate-reports",
        "overwrite": false,
        "html": false,
        "json": true
      },
      "version": "4.1.0"
    }
  }
}