{
  "stats": {
    "suites": 1,
    "tests": 12,
    "passes": 12,
    "pending": 0,
    "failures": 0,
    "start": "2019-12-26T07:24:12.596Z",
    "end": "2019-12-26T07:24:52.192Z",
    "duration": 39596,
    "testsRegistered": 12,
    "passPercent": 100,
    "pendingPercent": 0,
    "other": 0,
    "hasOther": false,
    "skipped": 0,
    "hasSkipped": false
  },
  "results": [
    {
      "uuid": "0edaac16-0da9-4553-937d-ccceb6543623",
      "title": "",
      "fullFile": "",
      "file": "",
      "beforeHooks": [],
      "afterHooks": [],
      "tests": [],
      "suites": [
        {
          "uuid": "79c4a3dd-971a-4596-9a75-cf0188553bda",
          "title": "Git Hub Login Page",
          "fullFile": "",
          "file": "",
          "beforeHooks": [],
          "afterHooks": [],
          "tests": [
            {
              "title": "should have correct header",
              "fullTitle": "Git Hub Login Page should have correct header",
              "timedOut": null,
              "duration": 4122,
              "state": "passed",
              "speed": "slow",
              "pass": true,
              "fail": false,
              "pending": false,
              "context": null,
              "code": "cy.get('h1').should('have.text', \"Sign in to GitHub\");\ncy.url().should('include', 'login');",
              "err": {},
              "uuid": "5f385523-e937-4ac9-ad17-e0976777aad1",
              "parentUUID": "79c4a3dd-971a-4596-9a75-cf0188553bda",
              "isHook": false,
              "skipped": false
            },
            {
              "title": "should have warning message when login with empty login and password",
              "fullTitle": "Git Hub Login Page should have warning message when login with empty login and password",
              "timedOut": null,
              "duration": 1820,
              "state": "passed",
              "speed": "slow",
              "pass": true,
              "fail": false,
              "pending": false,
              "context": null,
              "code": "cy.login(dataProvider.credentials.username_empty, dataProvider.credentials.password_empty);\ncy.get('.flash > .container').should('be.visible');\ncy.get('.flash > .container').should('contain', \"Incorrect username or password.\");",
              "err": {},
              "uuid": "678cf9c0-8623-40a2-bc59-317bc02dca4c",
              "parentUUID": "79c4a3dd-971a-4596-9a75-cf0188553bda",
              "isHook": false,
              "skipped": false
            },
            {
              "title": "should have warning message when login with incorrect login and incorrect password",
              "fullTitle": "Git Hub Login Page should have warning message when login with incorrect login and incorrect password",
              "timedOut": null,
              "duration": 2574,
              "state": "passed",
              "speed": "slow",
              "pass": true,
              "fail": false,
              "pending": false,
              "context": null,
              "code": "cy.login(dataProvider.credentials.username_incorrect, dataProvider.credentials.password_incorrect);\ncy.get('.flash > .container').should('be.visible');\ncy.get('.flash > .container').should('contain', \"Incorrect username or password.\");",
              "err": {},
              "uuid": "43216592-7efe-48fc-ba56-e7ba8eefa156",
              "parentUUID": "79c4a3dd-971a-4596-9a75-cf0188553bda",
              "isHook": false,
              "skipped": false
            },
            {
              "title": "should have warning message when login with incorrect login and correct password",
              "fullTitle": "Git Hub Login Page should have warning message when login with incorrect login and correct password",
              "timedOut": null,
              "duration": 2475,
              "state": "passed",
              "speed": "slow",
              "pass": true,
              "fail": false,
              "pending": false,
              "context": null,
              "code": "cy.login(dataProvider.credentials.username_incorrect, dataProvider.credentials.password_correct);\ncy.get('.flash > .container').should('be.visible');\ncy.get('.flash > .container').should('contain', \"Incorrect username or password.\");",
              "err": {},
              "uuid": "be4d118b-7c20-45b4-9e28-9ea3db39bf19",
              "parentUUID": "79c4a3dd-971a-4596-9a75-cf0188553bda",
              "isHook": false,
              "skipped": false
            },
            {
              "title": "should have warning message when login with correct login and incorrect password",
              "fullTitle": "Git Hub Login Page should have warning message when login with correct login and incorrect password",
              "timedOut": null,
              "duration": 2015,
              "state": "passed",
              "speed": "slow",
              "pass": true,
              "fail": false,
              "pending": false,
              "context": null,
              "code": "cy.login(dataProvider.credentials.username_correct, dataProvider.credentials.password_incorrect);\ncy.get('.flash > .container').should('be.visible');\ncy.get('.flash > .container').should('contain', \"Incorrect username or password.\");",
              "err": {},
              "uuid": "2a5b1e39-a870-4087-8074-9a2123c8c0f2",
              "parentUUID": "79c4a3dd-971a-4596-9a75-cf0188553bda",
              "isHook": false,
              "skipped": false
            },
            {
              "title": "should have open new page with heder about verification email",
              "fullTitle": "Git Hub Login Page should have open new page with heder about verification email",
              "timedOut": null,
              "duration": 3890,
              "state": "passed",
              "speed": "slow",
              "pass": true,
              "fail": false,
              "pending": false,
              "context": null,
              "code": "cy.login(dataProvider.credentials.username_correct, dataProvider.credentials.password_correct);\ncy.get('div h1').should('contain', \"Please verify your email address\");\ncy.url().should('include', 'https://github.com/account/unverified-email');",
              "err": {},
              "uuid": "2f7dbf74-37e2-4daf-becc-60a40ba6a996",
              "parentUUID": "79c4a3dd-971a-4596-9a75-cf0188553bda",
              "isHook": false,
              "skipped": false
            },
            {
              "title": "should have open password reset page",
              "fullTitle": "Git Hub Login Page should have open password reset page",
              "timedOut": null,
              "duration": 1668,
              "state": "passed",
              "speed": "slow",
              "pass": true,
              "fail": false,
              "pending": false,
              "context": null,
              "code": "cy.get('a[class=\"label-link\"]').click();\ncy.get('div h1').should('contain', \"Reset your password\");\ncy.url().should('include', 'password_reset');",
              "err": {},
              "uuid": "51d1fc7f-abf5-43eb-96b1-5c26227650bb",
              "parentUUID": "79c4a3dd-971a-4596-9a75-cf0188553bda",
              "isHook": false,
              "skipped": false
            },
            {
              "title": "should have open 'Create your account' page",
              "fullTitle": "Git Hub Login Page should have open 'Create your account' page",
              "timedOut": null,
              "duration": 5032,
              "state": "passed",
              "speed": "slow",
              "pass": true,
              "fail": false,
              "pending": false,
              "context": null,
              "code": "cy.contains('Create an account').click();\ncy.get('div h1').should('contain', \"Create your account\");\ncy.url().should('include', 'join?source=login');",
              "err": {},
              "uuid": "45ef5b0b-4afa-45f9-b907-fa13e34ea248",
              "parentUUID": "79c4a3dd-971a-4596-9a75-cf0188553bda",
              "isHook": false,
              "skipped": false
            },
            {
              "title": "should have open 'Terms' page",
              "fullTitle": "Git Hub Login Page should have open 'Terms' page",
              "timedOut": null,
              "duration": 3780,
              "state": "passed",
              "speed": "slow",
              "pass": true,
              "fail": false,
              "pending": false,
              "context": null,
              "code": "cy.contains('Terms').click();\ncy.get('article h1').should('contain', \"GitHub Terms of Service\");\ncy.url().should('include', 'github-terms-of-service');",
              "err": {},
              "uuid": "38130591-6125-46c1-9de4-b7a67a16f51e",
              "parentUUID": "79c4a3dd-971a-4596-9a75-cf0188553bda",
              "isHook": false,
              "skipped": false
            },
            {
              "title": "should have open 'Privacy' page",
              "fullTitle": "Git Hub Login Page should have open 'Privacy' page",
              "timedOut": null,
              "duration": 2781,
              "state": "passed",
              "speed": "slow",
              "pass": true,
              "fail": false,
              "pending": false,
              "context": null,
              "code": "cy.contains('Privacy').click();\ncy.get('article h1').should('contain', \"GitHub Privacy Statement\");\ncy.url().should('include', 'github-privacy-statement');",
              "err": {},
              "uuid": "dcea5979-593d-464a-9204-58e8bcecce02",
              "parentUUID": "79c4a3dd-971a-4596-9a75-cf0188553bda",
              "isHook": false,
              "skipped": false
            },
            {
              "title": "should have open 'Security' page",
              "fullTitle": "Git Hub Login Page should have open 'Security' page",
              "timedOut": null,
              "duration": 2291,
              "state": "passed",
              "speed": "slow",
              "pass": true,
              "fail": false,
              "pending": false,
              "context": null,
              "code": "cy.contains('Security').click();\ncy.get('div h1').should('contain', \"Security at GitHub\");\ncy.url().should('include', 'security');",
              "err": {},
              "uuid": "9cdefa8c-4c3d-4cdc-aeef-039c47c70383",
              "parentUUID": "79c4a3dd-971a-4596-9a75-cf0188553bda",
              "isHook": false,
              "skipped": false
            },
            {
              "title": "should have open 'Contact GitHub' page",
              "fullTitle": "Git Hub Login Page should have open 'Contact GitHub' page",
              "timedOut": null,
              "duration": 3526,
              "state": "passed",
              "speed": "slow",
              "pass": true,
              "fail": false,
              "pending": false,
              "context": null,
              "code": "cy.contains('Contact GitHub').click();\ncy.get('div h1').should('contain', \"What can we help with?\");\ncy.url().should('include', 'https://support.github.com/');",
              "err": {},
              "uuid": "2e181c64-f524-4ca3-9f42-f43f428d7503",
              "parentUUID": "79c4a3dd-971a-4596-9a75-cf0188553bda",
              "isHook": false,
              "skipped": false
            }
          ],
          "suites": [],
          "passes": [
            "5f385523-e937-4ac9-ad17-e0976777aad1",
            "678cf9c0-8623-40a2-bc59-317bc02dca4c",
            "43216592-7efe-48fc-ba56-e7ba8eefa156",
            "be4d118b-7c20-45b4-9e28-9ea3db39bf19",
            "2a5b1e39-a870-4087-8074-9a2123c8c0f2",
            "2f7dbf74-37e2-4daf-becc-60a40ba6a996",
            "51d1fc7f-abf5-43eb-96b1-5c26227650bb",
            "45ef5b0b-4afa-45f9-b907-fa13e34ea248",
            "38130591-6125-46c1-9de4-b7a67a16f51e",
            "dcea5979-593d-464a-9204-58e8bcecce02",
            "9cdefa8c-4c3d-4cdc-aeef-039c47c70383",
            "2e181c64-f524-4ca3-9f42-f43f428d7503"
          ],
          "failures": [],
          "pending": [],
          "skipped": [],
          "duration": 35974,
          "root": false,
          "rootEmpty": false,
          "_timeout": 2000
        }
      ],
      "passes": [],
      "failures": [],
      "pending": [],
      "skipped": [],
      "duration": 0,
      "root": true,
      "rootEmpty": true,
      "_timeout": 2000
    }
  ],
  "meta": {
    "mocha": {
      "version": "5.2.0"
    },
    "mochawesome": {
      "options": {
        "quiet": false,
        "reportFilename": "mochawesome",
        "saveHtml": false,
        "saveJson": true,
        "consoleReporter": "spec",
        "useInlineDiffs": false
      },
      "version": "4.1.0"
    },
    "marge": {
      "options": {
        "reportDir": "cypress/reports/separate-reports",
        "overwrite": false,
        "html": false,
        "json": true
      },
      "version": "4.1.0"
    }
  }
}