{
  "stats": {
    "suites": 1,
    "tests": 12,
    "passes": 12,
    "pending": 0,
    "failures": 0,
    "start": "2019-12-26T01:22:38.521Z",
    "end": "2019-12-26T01:23:16.737Z",
    "duration": 38216,
    "testsRegistered": 12,
    "passPercent": 100,
    "pendingPercent": 0,
    "other": 0,
    "hasOther": false,
    "skipped": 0,
    "hasSkipped": false
  },
  "results": [
    {
      "uuid": "d520d906-a4d7-47ea-89e6-39ae1306e342",
      "title": "",
      "fullFile": "",
      "file": "",
      "beforeHooks": [],
      "afterHooks": [],
      "tests": [],
      "suites": [
        {
          "uuid": "40ec1a72-8280-4228-8a07-94df7f5359ea",
          "title": "Git Hub Login Page",
          "fullFile": "",
          "file": "",
          "beforeHooks": [],
          "afterHooks": [],
          "tests": [
            {
              "title": "should have correct header",
              "fullTitle": "Git Hub Login Page should have correct header",
              "timedOut": null,
              "duration": 3907,
              "state": "passed",
              "speed": "slow",
              "pass": true,
              "fail": false,
              "pending": false,
              "context": null,
              "code": "cy.get('h1').should('have.text', \"Sign in to GitHub\");\ncy.url().should('include', 'login');",
              "err": {},
              "uuid": "b875ae27-1b72-42a0-afbb-b29750a4df04",
              "parentUUID": "40ec1a72-8280-4228-8a07-94df7f5359ea",
              "isHook": false,
              "skipped": false
            },
            {
              "title": "should have warning message when login with empty login and password",
              "fullTitle": "Git Hub Login Page should have warning message when login with empty login and password",
              "timedOut": null,
              "duration": 1914,
              "state": "passed",
              "speed": "slow",
              "pass": true,
              "fail": false,
              "pending": false,
              "context": null,
              "code": "cy.login(dataProvider.credentials.username_empty, dataProvider.credentials.password_empty);\ncy.get('.flash > .container').should('be.visible');\ncy.get('.flash > .container').should('contain', \"Incorrect username or password.\");",
              "err": {},
              "uuid": "8b46e964-3350-48eb-bc99-d6b809b53120",
              "parentUUID": "40ec1a72-8280-4228-8a07-94df7f5359ea",
              "isHook": false,
              "skipped": false
            },
            {
              "title": "should have warning message when login with incorrect login and incorrect password",
              "fullTitle": "Git Hub Login Page should have warning message when login with incorrect login and incorrect password",
              "timedOut": null,
              "duration": 2353,
              "state": "passed",
              "speed": "slow",
              "pass": true,
              "fail": false,
              "pending": false,
              "context": null,
              "code": "cy.login(dataProvider.credentials.username_incorrect, dataProvider.credentials.password_incorrect);\ncy.get('.flash > .container').should('be.visible');\ncy.get('.flash > .container').should('contain', \"Incorrect username or password.\");",
              "err": {},
              "uuid": "074452f5-c399-4e0f-a6ff-befa239ff3af",
              "parentUUID": "40ec1a72-8280-4228-8a07-94df7f5359ea",
              "isHook": false,
              "skipped": false
            },
            {
              "title": "should have warning message when login with incorrect login and correct password",
              "fullTitle": "Git Hub Login Page should have warning message when login with incorrect login and correct password",
              "timedOut": null,
              "duration": 2360,
              "state": "passed",
              "speed": "slow",
              "pass": true,
              "fail": false,
              "pending": false,
              "context": null,
              "code": "cy.login(dataProvider.credentials.username_incorrect, dataProvider.credentials.password_correct);\ncy.get('.flash > .container').should('be.visible');\ncy.get('.flash > .container').should('contain', \"Incorrect username or password.\");",
              "err": {},
              "uuid": "5a32d2c3-af47-41b4-9986-fc427dc79ea7",
              "parentUUID": "40ec1a72-8280-4228-8a07-94df7f5359ea",
              "isHook": false,
              "skipped": false
            },
            {
              "title": "should have warning message when login with correct login and incorrect password",
              "fullTitle": "Git Hub Login Page should have warning message when login with correct login and incorrect password",
              "timedOut": null,
              "duration": 2025,
              "state": "passed",
              "speed": "slow",
              "pass": true,
              "fail": false,
              "pending": false,
              "context": null,
              "code": "cy.login(dataProvider.credentials.username_correct, dataProvider.credentials.password_incorrect);\ncy.get('.flash > .container').should('be.visible');\ncy.get('.flash > .container').should('contain', \"Incorrect username or password.\");",
              "err": {},
              "uuid": "f8809285-f2d4-4e98-be9d-b44e1ecb0cf8",
              "parentUUID": "40ec1a72-8280-4228-8a07-94df7f5359ea",
              "isHook": false,
              "skipped": false
            },
            {
              "title": "should have open new page with heder about verification email",
              "fullTitle": "Git Hub Login Page should have open new page with heder about verification email",
              "timedOut": null,
              "duration": 3963,
              "state": "passed",
              "speed": "slow",
              "pass": true,
              "fail": false,
              "pending": false,
              "context": null,
              "code": "cy.login(dataProvider.credentials.username_correct, dataProvider.credentials.password_correct);\ncy.get('div h1').should('contain', \"Please verify your email address\");\ncy.url().should('include', 'https://github.com/account/unverified-email');",
              "err": {},
              "uuid": "dc6a7335-2720-4c8b-af66-d455cc32e337",
              "parentUUID": "40ec1a72-8280-4228-8a07-94df7f5359ea",
              "isHook": false,
              "skipped": false
            },
            {
              "title": "should have open password reset page",
              "fullTitle": "Git Hub Login Page should have open password reset page",
              "timedOut": null,
              "duration": 1578,
              "state": "passed",
              "speed": "slow",
              "pass": true,
              "fail": false,
              "pending": false,
              "context": null,
              "code": "cy.get('a[class=\"label-link\"]').click();\ncy.get('div h1').should('contain', \"Reset your password\");\ncy.url().should('include', 'password_reset');",
              "err": {},
              "uuid": "92c17a22-3fb4-4808-8412-a291c95c5cae",
              "parentUUID": "40ec1a72-8280-4228-8a07-94df7f5359ea",
              "isHook": false,
              "skipped": false
            },
            {
              "title": "should have open 'Create your account' page",
              "fullTitle": "Git Hub Login Page should have open 'Create your account' page",
              "timedOut": null,
              "duration": 4846,
              "state": "passed",
              "speed": "slow",
              "pass": true,
              "fail": false,
              "pending": false,
              "context": null,
              "code": "cy.contains('Create an account').click();\ncy.get('div h1').should('contain', \"Create your account\");\ncy.url().should('include', 'join?source=login');",
              "err": {},
              "uuid": "f7fda2e9-15e1-463c-995f-4af439c3b564",
              "parentUUID": "40ec1a72-8280-4228-8a07-94df7f5359ea",
              "isHook": false,
              "skipped": false
            },
            {
              "title": "should have open 'Terms' page",
              "fullTitle": "Git Hub Login Page should have open 'Terms' page",
              "timedOut": null,
              "duration": 3458,
              "state": "passed",
              "speed": "slow",
              "pass": true,
              "fail": false,
              "pending": false,
              "context": null,
              "code": "cy.contains('Terms').click();\ncy.get('article h1').should('contain', \"GitHub Terms of Service\");\ncy.url().should('include', 'github-terms-of-service');",
              "err": {},
              "uuid": "1005391d-4204-4d6d-adc1-f682f80645c4",
              "parentUUID": "40ec1a72-8280-4228-8a07-94df7f5359ea",
              "isHook": false,
              "skipped": false
            },
            {
              "title": "should have open 'Privacy' page",
              "fullTitle": "Git Hub Login Page should have open 'Privacy' page",
              "timedOut": null,
              "duration": 2425,
              "state": "passed",
              "speed": "slow",
              "pass": true,
              "fail": false,
              "pending": false,
              "context": null,
              "code": "cy.contains('Privacy').click();\ncy.get('article h1').should('contain', \"GitHub Privacy Statement\");\ncy.url().should('include', 'github-privacy-statement');",
              "err": {},
              "uuid": "d5f0f645-c6ed-4a7b-ab37-b541dcebcded",
              "parentUUID": "40ec1a72-8280-4228-8a07-94df7f5359ea",
              "isHook": false,
              "skipped": false
            },
            {
              "title": "should have open 'Security' page",
              "fullTitle": "Git Hub Login Page should have open 'Security' page",
              "timedOut": null,
              "duration": 2414,
              "state": "passed",
              "speed": "slow",
              "pass": true,
              "fail": false,
              "pending": false,
              "context": null,
              "code": "cy.contains('Security').click();\ncy.get('div h1').should('contain', \"Security at GitHub\");\ncy.url().should('include', 'security');",
              "err": {},
              "uuid": "919a93c3-1b9c-4027-82ca-5f62a10a563b",
              "parentUUID": "40ec1a72-8280-4228-8a07-94df7f5359ea",
              "isHook": false,
              "skipped": false
            },
            {
              "title": "should have open 'Contact GitHub' page",
              "fullTitle": "Git Hub Login Page should have open 'Contact GitHub' page",
              "timedOut": null,
              "duration": 3418,
              "state": "passed",
              "speed": "slow",
              "pass": true,
              "fail": false,
              "pending": false,
              "context": null,
              "code": "cy.contains('Contact GitHub').click();\ncy.get('div h1').should('contain', \"What can we help with?\");\ncy.url().should('include', 'https://support.github.com/');",
              "err": {},
              "uuid": "30327b20-8cb2-4db8-bf6b-b88f2ccce34a",
              "parentUUID": "40ec1a72-8280-4228-8a07-94df7f5359ea",
              "isHook": false,
              "skipped": false
            }
          ],
          "suites": [],
          "passes": [
            "b875ae27-1b72-42a0-afbb-b29750a4df04",
            "8b46e964-3350-48eb-bc99-d6b809b53120",
            "074452f5-c399-4e0f-a6ff-befa239ff3af",
            "5a32d2c3-af47-41b4-9986-fc427dc79ea7",
            "f8809285-f2d4-4e98-be9d-b44e1ecb0cf8",
            "dc6a7335-2720-4c8b-af66-d455cc32e337",
            "92c17a22-3fb4-4808-8412-a291c95c5cae",
            "f7fda2e9-15e1-463c-995f-4af439c3b564",
            "1005391d-4204-4d6d-adc1-f682f80645c4",
            "d5f0f645-c6ed-4a7b-ab37-b541dcebcded",
            "919a93c3-1b9c-4027-82ca-5f62a10a563b",
            "30327b20-8cb2-4db8-bf6b-b88f2ccce34a"
          ],
          "failures": [],
          "pending": [],
          "skipped": [],
          "duration": 34661,
          "root": false,
          "rootEmpty": false,
          "_timeout": 2000
        }
      ],
      "passes": [],
      "failures": [],
      "pending": [],
      "skipped": [],
      "duration": 0,
      "root": true,
      "rootEmpty": true,
      "_timeout": 2000
    }
  ],
  "meta": {
    "mocha": {
      "version": "5.2.0"
    },
    "mochawesome": {
      "options": {
        "quiet": false,
        "reportFilename": "mochawesome",
        "saveHtml": false,
        "saveJson": true,
        "consoleReporter": "spec",
        "useInlineDiffs": false
      },
      "version": "4.1.0"
    },
    "marge": {
      "options": {
        "reportDir": "cypress/reports/separate-reports",
        "overwrite": false,
        "html": false,
        "json": true
      },
      "version": "4.1.0"
    }
  }
}